<?xml version="1.0" encoding="UTF-8"?>
<testsuite name="demo.DemoApplicationTests" tests="1" skipped="0" failures="0" errors="0" timestamp="2016-08-17T15:53:38" hostname="MacBook-Pro-4.local" time="0.001">
  <properties/>
  <testcase name="contextLoads" classname="demo.DemoApplicationTests" time="0.001"/>
  <system-out><![CDATA[11:53:37.326 [Test worker] DEBUG org.springframework.test.context.junit4.SpringJUnit4ClassRunner - SpringJUnit4ClassRunner constructor called with [class demo.DemoApplicationTests]
11:53:37.330 [Test worker] DEBUG org.springframework.test.context.BootstrapUtils - Instantiating CacheAwareContextLoaderDelegate from class [org.springframework.test.context.cache.DefaultCacheAwareContextLoaderDelegate]
11:53:37.334 [Test worker] DEBUG org.springframework.test.context.BootstrapUtils - Instantiating BootstrapContext using constructor [public org.springframework.test.context.support.DefaultBootstrapContext(java.lang.Class,org.springframework.test.context.CacheAwareContextLoaderDelegate)]
11:53:37.342 [Test worker] DEBUG org.springframework.test.context.BootstrapUtils - Instantiating TestContextBootstrapper for test class [demo.DemoApplicationTests] from class [org.springframework.test.context.web.WebTestContextBootstrapper]
11:53:37.358 [Test worker] DEBUG org.springframework.test.context.web.WebTestContextBootstrapper - Found explicit ContextLoader class [org.springframework.boot.test.SpringApplicationContextLoader] for context configuration attributes [ContextConfigurationAttributes@4075de6f declaringClass = 'demo.DemoApplicationTests', classes = '{class demo.DemoApplication}', locations = '{}', inheritLocations = true, initializers = '{}', inheritInitializers = true, name = [null], contextLoaderClass = 'org.springframework.boot.test.SpringApplicationContextLoader']
11:53:37.363 [Test worker] DEBUG org.springframework.test.context.support.AbstractContextLoader - Did not detect default resource location for test class [demo.DemoApplicationTests]: class path resource [demo/DemoApplicationTests-context.xml] does not exist
11:53:37.363 [Test worker] DEBUG org.springframework.test.context.support.AbstractContextLoader - Did not detect default resource location for test class [demo.DemoApplicationTests]: class path resource [demo/DemoApplicationTestsContext.groovy] does not exist
11:53:37.363 [Test worker] INFO org.springframework.test.context.support.AbstractContextLoader - Could not detect default resource locations for test class [demo.DemoApplicationTests]: no resource found for suffixes {-context.xml, Context.groovy}.
11:53:37.364 [Test worker] DEBUG org.springframework.test.context.support.ActiveProfilesUtils - Could not find an 'annotation declaring class' for annotation type [org.springframework.test.context.ActiveProfiles] and class [demo.DemoApplicationTests]
11:53:37.367 [Test worker] DEBUG org.springframework.test.context.web.WebTestContextBootstrapper - @TestExecutionListeners is not present for class [demo.DemoApplicationTests]: using defaults.
11:53:37.372 [Test worker] INFO org.springframework.test.context.web.WebTestContextBootstrapper - Loaded default TestExecutionListener class names from location [META-INF/spring.factories]: [org.springframework.test.context.web.ServletTestExecutionListener, org.springframework.test.context.support.DirtiesContextBeforeModesTestExecutionListener, org.springframework.test.context.support.DependencyInjectionTestExecutionListener, org.springframework.test.context.support.DirtiesContextTestExecutionListener, org.springframework.test.context.transaction.TransactionalTestExecutionListener, org.springframework.test.context.jdbc.SqlScriptsTestExecutionListener]
11:53:37.377 [Test worker] INFO org.springframework.test.context.web.WebTestContextBootstrapper - Could not instantiate TestExecutionListener [org.springframework.test.context.jdbc.SqlScriptsTestExecutionListener]. Specify custom listener classes or make the default listener classes (and their required dependencies) available. Offending class: [org/springframework/transaction/interceptor/TransactionAttribute]
11:53:37.378 [Test worker] INFO org.springframework.test.context.web.WebTestContextBootstrapper - Could not instantiate TestExecutionListener [org.springframework.test.context.transaction.TransactionalTestExecutionListener]. Specify custom listener classes or make the default listener classes (and their required dependencies) available. Offending class: [org/springframework/transaction/interceptor/TransactionAttributeSource]
11:53:37.379 [Test worker] INFO org.springframework.test.context.web.WebTestContextBootstrapper - Using TestExecutionListeners: [org.springframework.test.context.web.ServletTestExecutionListener@2b4be078, org.springframework.test.context.support.DirtiesContextBeforeModesTestExecutionListener@7e153637, org.springframework.test.context.support.DependencyInjectionTestExecutionListener@2b951983, org.springframework.test.context.support.DirtiesContextTestExecutionListener@2f73f678]
11:53:37.381 [Test worker] DEBUG org.springframework.test.annotation.ProfileValueUtils - Retrieved @ProfileValueSourceConfiguration [null] for test class [demo.DemoApplicationTests]
11:53:37.382 [Test worker] DEBUG org.springframework.test.annotation.ProfileValueUtils - Retrieved ProfileValueSource type [class org.springframework.test.annotation.SystemProfileValueSource] for class [demo.DemoApplicationTests]
11:53:37.382 [Test worker] DEBUG org.springframework.test.annotation.ProfileValueUtils - Retrieved @ProfileValueSourceConfiguration [null] for test class [demo.DemoApplicationTests]
11:53:37.382 [Test worker] DEBUG org.springframework.test.annotation.ProfileValueUtils - Retrieved ProfileValueSource type [class org.springframework.test.annotation.SystemProfileValueSource] for class [demo.DemoApplicationTests]
11:53:37.385 [Test worker] DEBUG org.springframework.test.context.support.AbstractDirtiesContextTestExecutionListener - Before test class: context [DefaultTestContext@23b91631 testClass = DemoApplicationTests, testInstance = [null], testMethod = [null], testException = [null], mergedContextConfiguration = [WebMergedContextConfiguration@697784af testClass = DemoApplicationTests, locations = '{}', classes = '{class demo.DemoApplication}', contextInitializerClasses = '[]', activeProfiles = '{}', propertySourceLocations = '{}', propertySourceProperties = '{}', resourceBasePath = 'src/main/webapp', contextLoader = 'org.springframework.boot.test.SpringApplicationContextLoader', parent = [null]]], class annotated with @DirtiesContext [false] with mode [null].
11:53:37.385 [Test worker] DEBUG org.springframework.test.annotation.ProfileValueUtils - Retrieved @ProfileValueSourceConfiguration [null] for test class [demo.DemoApplicationTests]
11:53:37.385 [Test worker] DEBUG org.springframework.test.annotation.ProfileValueUtils - Retrieved ProfileValueSource type [class org.springframework.test.annotation.SystemProfileValueSource] for class [demo.DemoApplicationTests]
11:53:37.431 [Test worker] DEBUG org.springframework.core.env.StandardEnvironment - Adding [systemProperties] PropertySource with lowest search precedence
11:53:37.432 [Test worker] DEBUG org.springframework.core.env.StandardEnvironment - Adding [systemEnvironment] PropertySource with lowest search precedence
11:53:37.432 [Test worker] DEBUG org.springframework.core.env.StandardEnvironment - Initialized StandardEnvironment with PropertySources [systemProperties,systemEnvironment]
11:53:37.433 [Test worker] DEBUG org.springframework.core.env.StandardEnvironment - Adding [integrationTest] PropertySource with search precedence immediately lower than [systemEnvironment]

  .   ____          _            __ _ _
 /\\ / ___'_ __ _ _(_)_ __  __ _ \ \ \ \
( ( )\___ | '_ | '_| | '_ \/ _` | \ \ \ \
 \\/  ___)| |_)| | | | | || (_| |  ) ) ) )
  '  |____| .__|_| |_|_| |_\__, | / / / /
 =========|_|==============|___/=/_/_/_/
 :: Spring Boot ::        (v1.3.6.RELEASE)

2016-08-17 11:53:37.607  INFO 43627 --- [    Test worker] demo.DemoApplicationTests                : Starting DemoApplicationTests on MacBook-Pro-4.local with PID 43627 (/Users/elieblich/Transaction-App/build/classes/test started by elieblich in /Users/elieblich/Transaction-App)
2016-08-17 11:53:37.608  INFO 43627 --- [    Test worker] demo.DemoApplicationTests                : No active profile set, falling back to default profiles: default
2016-08-17 11:53:37.674  INFO 43627 --- [    Test worker] o.s.w.c.s.GenericWebApplicationContext   : Refreshing org.springframework.web.context.support.GenericWebApplicationContext@486911e3: startup date [Wed Aug 17 11:53:37 EDT 2016]; root of context hierarchy
2016-08-17 11:53:38.676  INFO 43627 --- [    Test worker] s.w.s.m.m.a.RequestMappingHandlerAdapter : Looking for @ControllerAdvice: org.springframework.web.context.support.GenericWebApplicationContext@486911e3: startup date [Wed Aug 17 11:53:37 EDT 2016]; root of context hierarchy
2016-08-17 11:53:38.720  INFO 43627 --- [    Test worker] s.w.s.m.m.a.RequestMappingHandlerMapping : Mapped "{[/]}" onto public org.springframework.http.ResponseEntity<java.util.Hashtable<java.lang.String, model.Person>> controller.PersonController.index(javax.servlet.http.HttpServletRequest)
2016-08-17 11:53:38.721  INFO 43627 --- [    Test worker] s.w.s.m.m.a.RequestMappingHandlerMapping : Mapped "{[/{name}]}" onto public model.Person controller.PersonController.getPerson(java.lang.String)
2016-08-17 11:53:38.721  INFO 43627 --- [    Test worker] s.w.s.m.m.a.RequestMappingHandlerMapping : Mapped "{[/test]}" onto public org.springframework.http.ResponseEntity<java.lang.String> controller.PersonController.testEndpoint()
2016-08-17 11:53:38.723  INFO 43627 --- [    Test worker] s.w.s.m.m.a.RequestMappingHandlerMapping : Mapped "{[/trans/{name}],methods=[DELETE]}" onto public void controller.TransController.remove(java.lang.String,javax.servlet.http.HttpServletRequest)
2016-08-17 11:53:38.723  INFO 43627 --- [    Test worker] s.w.s.m.m.a.RequestMappingHandlerMapping : Mapped "{[/trans],methods=[GET]}" onto public org.springframework.http.ResponseEntity<java.util.ArrayList<java.lang.String>> controller.TransController.transEndpoint(javax.servlet.http.HttpServletRequest)
2016-08-17 11:53:38.723  INFO 43627 --- [    Test worker] s.w.s.m.m.a.RequestMappingHandlerMapping : Mapped "{[/trans/cookie],methods=[GET]}" onto public org.springframework.http.ResponseEntity<java.util.ArrayList<java.lang.String>> controller.TransController.cookie(javax.servlet.http.HttpServletRequest)
2016-08-17 11:53:38.723  INFO 43627 --- [    Test worker] s.w.s.m.m.a.RequestMappingHandlerMapping : Mapped "{[/trans],methods=[POST]}" onto void controller.TransController.createTrans(model.Person,javax.servlet.http.HttpServletRequest)
2016-08-17 11:53:38.725  INFO 43627 --- [    Test worker] s.w.s.m.m.a.RequestMappingHandlerMapping : Mapped "{[/error]}" onto public org.springframework.http.ResponseEntity<java.util.Map<java.lang.String, java.lang.Object>> org.springframework.boot.autoconfigure.web.BasicErrorController.error(javax.servlet.http.HttpServletRequest)
2016-08-17 11:53:38.725  INFO 43627 --- [    Test worker] s.w.s.m.m.a.RequestMappingHandlerMapping : Mapped "{[/error],produces=[text/html]}" onto public org.springframework.web.servlet.ModelAndView org.springframework.boot.autoconfigure.web.BasicErrorController.errorHtml(javax.servlet.http.HttpServletRequest,javax.servlet.http.HttpServletResponse)
2016-08-17 11:53:38.745  INFO 43627 --- [    Test worker] o.s.w.s.handler.SimpleUrlHandlerMapping  : Mapped URL path [/webjars/**] onto handler of type [class org.springframework.web.servlet.resource.ResourceHttpRequestHandler]
2016-08-17 11:53:38.746  INFO 43627 --- [    Test worker] o.s.w.s.handler.SimpleUrlHandlerMapping  : Mapped URL path [/**] onto handler of type [class org.springframework.web.servlet.resource.ResourceHttpRequestHandler]
2016-08-17 11:53:38.768  INFO 43627 --- [    Test worker] o.s.w.s.handler.SimpleUrlHandlerMapping  : Mapped URL path [/**/favicon.ico] onto handler of type [class org.springframework.web.servlet.resource.ResourceHttpRequestHandler]
2016-08-17 11:53:38.854  INFO 43627 --- [    Test worker] demo.DemoApplicationTests                : Started DemoApplicationTests in 1.41 seconds (JVM running for 1.99)
]]></system-out>
  <system-err><![CDATA[]]></system-err>
</testsuite>
