<?xml version="1.0" encoding="UTF-8"?>
<testsuite name="demo.DemoApplicationTests" tests="1" skipped="0" failures="0" errors="0" timestamp="2016-08-22T20:05:56" hostname="MacBook-Pro-4.local" time="0.002">
  <properties/>
  <testcase name="contextLoads" classname="demo.DemoApplicationTests" time="0.002"/>
  <system-out><![CDATA[16:05:54.414 [Test worker] DEBUG org.springframework.test.context.junit4.SpringJUnit4ClassRunner - SpringJUnit4ClassRunner constructor called with [class demo.DemoApplicationTests]
16:05:54.417 [Test worker] DEBUG org.springframework.test.context.BootstrapUtils - Instantiating CacheAwareContextLoaderDelegate from class [org.springframework.test.context.cache.DefaultCacheAwareContextLoaderDelegate]
16:05:54.421 [Test worker] DEBUG org.springframework.test.context.BootstrapUtils - Instantiating BootstrapContext using constructor [public org.springframework.test.context.support.DefaultBootstrapContext(java.lang.Class,org.springframework.test.context.CacheAwareContextLoaderDelegate)]
16:05:54.429 [Test worker] DEBUG org.springframework.test.context.BootstrapUtils - Instantiating TestContextBootstrapper for test class [demo.DemoApplicationTests] from class [org.springframework.test.context.web.WebTestContextBootstrapper]
16:05:54.444 [Test worker] DEBUG org.springframework.test.context.web.WebTestContextBootstrapper - Found explicit ContextLoader class [org.springframework.boot.test.SpringApplicationContextLoader] for context configuration attributes [ContextConfigurationAttributes@4075de6f declaringClass = 'demo.DemoApplicationTests', classes = '{class demo.DemoApplication}', locations = '{}', inheritLocations = true, initializers = '{}', inheritInitializers = true, name = [null], contextLoaderClass = 'org.springframework.boot.test.SpringApplicationContextLoader']
16:05:54.449 [Test worker] DEBUG org.springframework.test.context.support.AbstractContextLoader - Did not detect default resource location for test class [demo.DemoApplicationTests]: class path resource [demo/DemoApplicationTests-context.xml] does not exist
16:05:54.449 [Test worker] DEBUG org.springframework.test.context.support.AbstractContextLoader - Did not detect default resource location for test class [demo.DemoApplicationTests]: class path resource [demo/DemoApplicationTestsContext.groovy] does not exist
16:05:54.449 [Test worker] INFO org.springframework.test.context.support.AbstractContextLoader - Could not detect default resource locations for test class [demo.DemoApplicationTests]: no resource found for suffixes {-context.xml, Context.groovy}.
16:05:54.450 [Test worker] DEBUG org.springframework.test.context.support.ActiveProfilesUtils - Could not find an 'annotation declaring class' for annotation type [org.springframework.test.context.ActiveProfiles] and class [demo.DemoApplicationTests]
16:05:54.453 [Test worker] DEBUG org.springframework.test.context.web.WebTestContextBootstrapper - @TestExecutionListeners is not present for class [demo.DemoApplicationTests]: using defaults.
16:05:54.457 [Test worker] INFO org.springframework.test.context.web.WebTestContextBootstrapper - Loaded default TestExecutionListener class names from location [META-INF/spring.factories]: [org.springframework.test.context.web.ServletTestExecutionListener, org.springframework.test.context.support.DirtiesContextBeforeModesTestExecutionListener, org.springframework.test.context.support.DependencyInjectionTestExecutionListener, org.springframework.test.context.support.DirtiesContextTestExecutionListener, org.springframework.test.context.transaction.TransactionalTestExecutionListener, org.springframework.test.context.jdbc.SqlScriptsTestExecutionListener]
16:05:54.467 [Test worker] INFO org.springframework.test.context.web.WebTestContextBootstrapper - Using TestExecutionListeners: [org.springframework.test.context.web.ServletTestExecutionListener@6af2f92d, org.springframework.test.context.support.DirtiesContextBeforeModesTestExecutionListener@19162dc, org.springframework.test.context.support.DependencyInjectionTestExecutionListener@5496ccbd, org.springframework.test.context.support.DirtiesContextTestExecutionListener@7ec2645a, org.springframework.test.context.transaction.TransactionalTestExecutionListener@304d13e, org.springframework.test.context.jdbc.SqlScriptsTestExecutionListener@909d400]
16:05:54.469 [Test worker] DEBUG org.springframework.test.annotation.ProfileValueUtils - Retrieved @ProfileValueSourceConfiguration [null] for test class [demo.DemoApplicationTests]
16:05:54.469 [Test worker] DEBUG org.springframework.test.annotation.ProfileValueUtils - Retrieved ProfileValueSource type [class org.springframework.test.annotation.SystemProfileValueSource] for class [demo.DemoApplicationTests]
16:05:54.470 [Test worker] DEBUG org.springframework.test.annotation.ProfileValueUtils - Retrieved @ProfileValueSourceConfiguration [null] for test class [demo.DemoApplicationTests]
16:05:54.470 [Test worker] DEBUG org.springframework.test.annotation.ProfileValueUtils - Retrieved ProfileValueSource type [class org.springframework.test.annotation.SystemProfileValueSource] for class [demo.DemoApplicationTests]
16:05:54.472 [Test worker] DEBUG org.springframework.test.context.support.AbstractDirtiesContextTestExecutionListener - Before test class: context [DefaultTestContext@32771f3b testClass = DemoApplicationTests, testInstance = [null], testMethod = [null], testException = [null], mergedContextConfiguration = [WebMergedContextConfiguration@7f6af1e6 testClass = DemoApplicationTests, locations = '{}', classes = '{class demo.DemoApplication}', contextInitializerClasses = '[]', activeProfiles = '{}', propertySourceLocations = '{}', propertySourceProperties = '{}', resourceBasePath = 'src/main/webapp', contextLoader = 'org.springframework.boot.test.SpringApplicationContextLoader', parent = [null]]], class annotated with @DirtiesContext [false] with mode [null].
16:05:54.473 [Test worker] DEBUG org.springframework.test.annotation.ProfileValueUtils - Retrieved @ProfileValueSourceConfiguration [null] for test class [demo.DemoApplicationTests]
16:05:54.473 [Test worker] DEBUG org.springframework.test.annotation.ProfileValueUtils - Retrieved ProfileValueSource type [class org.springframework.test.annotation.SystemProfileValueSource] for class [demo.DemoApplicationTests]
16:05:54.519 [Test worker] DEBUG org.springframework.core.env.StandardEnvironment - Adding [systemProperties] PropertySource with lowest search precedence
16:05:54.520 [Test worker] DEBUG org.springframework.core.env.StandardEnvironment - Adding [systemEnvironment] PropertySource with lowest search precedence
16:05:54.520 [Test worker] DEBUG org.springframework.core.env.StandardEnvironment - Initialized StandardEnvironment with PropertySources [systemProperties,systemEnvironment]
16:05:54.521 [Test worker] DEBUG org.springframework.core.env.StandardEnvironment - Adding [integrationTest] PropertySource with search precedence immediately lower than [systemEnvironment]

  .   ____          _            __ _ _
 /\\ / ___'_ __ _ _(_)_ __  __ _ \ \ \ \
( ( )\___ | '_ | '_| | '_ \/ _` | \ \ \ \
 \\/  ___)| |_)| | | | | || (_| |  ) ) ) )
  '  |____| .__|_| |_|_| |_\__, | / / / /
 =========|_|==============|___/=/_/_/_/
 :: Spring Boot ::        (v1.3.6.RELEASE)

2016-08-22 16:05:55.110  INFO 60983 --- [    Test worker] demo.DemoApplicationTests                : Starting DemoApplicationTests on MacBook-Pro-4.local with PID 60983 (/Users/elieblich/Transaction-App/build/classes/test started by elieblich in /Users/elieblich/Transaction-App)
2016-08-22 16:05:55.119  INFO 60983 --- [    Test worker] demo.DemoApplicationTests                : No active profile set, falling back to default profiles: default
2016-08-22 16:05:55.178  INFO 60983 --- [    Test worker] o.s.w.c.s.GenericWebApplicationContext   : Refreshing org.springframework.web.context.support.GenericWebApplicationContext@3cdfb5ed: startup date [Mon Aug 22 16:05:55 EDT 2016]; root of context hierarchy
2016-08-22 16:05:55.890  INFO 60983 --- [    Test worker] trationDelegate$BeanPostProcessorChecker : Bean 'org.springframework.transaction.annotation.ProxyTransactionManagementConfiguration' of type [class org.springframework.transaction.annotation.ProxyTransactionManagementConfiguration$$EnhancerBySpringCGLIB$$c43b143e] is not eligible for getting processed by all BeanPostProcessors (for example: not eligible for auto-proxying)
2016-08-22 16:05:55.942  INFO 60983 --- [    Test worker] o.s.j.d.DriverManagerDataSource          : Loaded JDBC driver: org.postgresql.Driver
2016-08-22 16:05:56.434  INFO 60983 --- [    Test worker] s.w.s.m.m.a.RequestMappingHandlerAdapter : Looking for @ControllerAdvice: org.springframework.web.context.support.GenericWebApplicationContext@3cdfb5ed: startup date [Mon Aug 22 16:05:55 EDT 2016]; root of context hierarchy
2016-08-22 16:05:56.486  INFO 60983 --- [    Test worker] s.w.s.m.m.a.RequestMappingHandlerMapping : Mapped "{[/]}" onto public org.springframework.http.ResponseEntity<java.util.Hashtable<java.lang.String, model.Person>> controller.PersonController.index()
2016-08-22 16:05:56.487  INFO 60983 --- [    Test worker] s.w.s.m.m.a.RequestMappingHandlerMapping : Mapped "{[/{name}],methods=[DELETE]}" onto public void controller.PersonController.remove(java.lang.String)
2016-08-22 16:05:56.487  INFO 60983 --- [    Test worker] s.w.s.m.m.a.RequestMappingHandlerMapping : Mapped "{[/],methods=[DELETE]}" onto void controller.PersonController.removeAll()
2016-08-22 16:05:56.487  INFO 60983 --- [    Test worker] s.w.s.m.m.a.RequestMappingHandlerMapping : Mapped "{[/trans]}" onto public org.springframework.http.ResponseEntity<java.util.ArrayList<java.lang.String>> controller.PersonController.transEndpoint()
2016-08-22 16:05:56.487  INFO 60983 --- [    Test worker] s.w.s.m.m.a.RequestMappingHandlerMapping : Mapped "{[/test]}" onto public org.springframework.http.ResponseEntity<java.lang.String> controller.PersonController.testEndpoint()
2016-08-22 16:05:56.487  INFO 60983 --- [    Test worker] s.w.s.m.m.a.RequestMappingHandlerMapping : Mapped "{[/],methods=[POST]}" onto void controller.PersonController.createTrans(model.Person)
2016-08-22 16:05:56.488  INFO 60983 --- [    Test worker] s.w.s.m.m.a.RequestMappingHandlerMapping : Mapped "{[/{name}]}" onto public model.Person controller.PersonController.getPerson(java.lang.String)
2016-08-22 16:05:56.488  INFO 60983 --- [    Test worker] s.w.s.m.m.a.RequestMappingHandlerMapping : Mapped "{[/app]}" onto public java.lang.String controller.PersonController.appName()
2016-08-22 16:05:56.489  INFO 60983 --- [    Test worker] s.w.s.m.m.a.RequestMappingHandlerMapping : Mapped "{[/error]}" onto public org.springframework.http.ResponseEntity<java.util.Map<java.lang.String, java.lang.Object>> org.springframework.boot.autoconfigure.web.BasicErrorController.error(javax.servlet.http.HttpServletRequest)
2016-08-22 16:05:56.490  INFO 60983 --- [    Test worker] s.w.s.m.m.a.RequestMappingHandlerMapping : Mapped "{[/error],produces=[text/html]}" onto public org.springframework.web.servlet.ModelAndView org.springframework.boot.autoconfigure.web.BasicErrorController.errorHtml(javax.servlet.http.HttpServletRequest,javax.servlet.http.HttpServletResponse)
2016-08-22 16:05:56.508  INFO 60983 --- [    Test worker] o.s.w.s.handler.SimpleUrlHandlerMapping  : Mapped URL path [/webjars/**] onto handler of type [class org.springframework.web.servlet.resource.ResourceHttpRequestHandler]
2016-08-22 16:05:56.508  INFO 60983 --- [    Test worker] o.s.w.s.handler.SimpleUrlHandlerMapping  : Mapped URL path [/**] onto handler of type [class org.springframework.web.servlet.resource.ResourceHttpRequestHandler]
2016-08-22 16:05:56.532  INFO 60983 --- [    Test worker] o.s.w.s.handler.SimpleUrlHandlerMapping  : Mapped URL path [/**/favicon.ico] onto handler of type [class org.springframework.web.servlet.resource.ResourceHttpRequestHandler]
2016-08-22 16:05:56.684  INFO 60983 --- [    Test worker] demo.DemoApplicationTests                : Started DemoApplicationTests in 2.156 seconds (JVM running for 2.766)
]]></system-out>
  <system-err><![CDATA[]]></system-err>
</testsuite>
